<?xml version="1.0" encoding="UTF-8"?>
<!-- Generated by org.testng.reporters.JUnitXMLReporter -->
<testsuite hostname="IND-MHP3DW10928" name="Default test" tests="16" failures="0" timestamp="28 May 2019 13:53:42 GMT" time="35.194" errors="0">
  <testcase name="accountSettings" time="7.641" classname="testCases.AccountSettingsTestCase"/>
  <testcase name="headerValidation" time="1.071" classname="testCases.AccountSettingsTestCase"/>
  <testcase name="headerValidation" time="1.677" classname="testCases.AccountSettingsTestCase"/>
  <testcase name="headerValidation" time="0.667" classname="testCases.AccountSettingsTestCase"/>
  <testcase name="headerValidation" time="1.135" classname="testCases.AccountSettingsTestCase"/>
  <testcase name="headerValidation" time="1.135" classname="testCases.AccountSettingsTestCase"/>
  <testcase name="headerValidation" time="0.612" classname="testCases.AccountSettingsTestCase"/>
  <testcase name="headerValidation" time="1.673" classname="testCases.AccountSettingsTestCase"/>
  <testcase name="headerValidation" time="0.871" classname="testCases.AccountSettingsTestCase"/>
  <testcase name="headerValidation" time="0.988" classname="testCases.AccountSettingsTestCase"/>
  <testcase name="headerValidation" time="0.595" classname="testCases.AccountSettingsTestCase"/>
  <testcase name="headerValidation" time="0.527" classname="testCases.AccountSettingsTestCase"/>
  <testcase name="headerValidation" time="1.008" classname="testCases.AccountSettingsTestCase"/>
  <testcase name="headerValidation" time="0.522" classname="testCases.AccountSettingsTestCase"/>
  <testcase name="validateUseradded" time="2.54" classname="testCases.AccountSettingsTestCase"/>
  <testcase name="validateUseradded" time="2.382" classname="testCases.AccountSettingsTestCase"/>
</testsuite> <!-- Default test -->
